<?xml version="1.0" encoding="UTF-8"?>
<testsuite xmlns:xsi="http://www.w3.org/2001/XMLSchema-instance" xsi:noNamespaceSchemaLocation="https://maven.apache.org/surefire/maven-surefire-plugin/xsd/surefire-test-report-3.0.xsd" version="3.0" name="com.example.AppTest" time="0.023" tests="1" errors="0" skipped="0" failures="0">
  <properties>
    <property name="java.specification.version" value="22"/>
    <property name="sun.cpu.isalist" value="amd64"/>
    <property name="sun.jnu.encoding" value="UTF-8"/>
    <property name="java.class.path" value="C:\Users\Steven Benalcázar\Desktop\Uce Aron\8vo 2 que sad\distribuida\Deber 3\rest_api_project\rest_api_project\target\test-classes;C:\Users\Steven Benalcázar\Desktop\Uce Aron\8vo 2 que sad\distribuida\Deber 3\rest_api_project\rest_api_project\target\classes;C:\Users\Steven Benalcázar\.m2\repository\junit\junit\3.8.1\junit-3.8.1.jar;"/>
    <property name="java.vm.vendor" value="Oracle Corporation"/>
    <property name="sun.arch.data.model" value="64"/>
    <property name="user.variant" value=""/>
    <property name="java.vendor.url" value="https://java.oracle.com/"/>
    <property name="user.timezone" value="America/Guayaquil"/>
    <property name="os.name" value="Windows 11"/>
    <property name="java.vm.specification.version" value="22"/>
    <property name="sun.java.launcher" value="SUN_STANDARD"/>
    <property name="user.country" value="EC"/>
    <property name="sun.boot.library.path" value="C:\Program Files\Java\jdk-22\bin"/>
    <property name="sun.java.command" value="C:\Users\Steven Benalcázar\AppData\Local\Temp\surefire10710210207730418896\surefirebooter-20241212103634661_3.jar C:\Users\Steven Benalcázar\AppData\Local\Temp\surefire10710210207730418896 2024-12-12T10-36-33_801-jvmRun1 surefire-20241212103634661_1tmp surefire_0-20241212103634661_2tmp"/>
    <property name="jdk.debug" value="release"/>
    <property name="surefire.test.class.path" value="C:\Users\Steven Benalcázar\Desktop\Uce Aron\8vo 2 que sad\distribuida\Deber 3\rest_api_project\rest_api_project\target\test-classes;C:\Users\Steven Benalcázar\Desktop\Uce Aron\8vo 2 que sad\distribuida\Deber 3\rest_api_project\rest_api_project\target\classes;C:\Users\Steven Benalcázar\.m2\repository\junit\junit\3.8.1\junit-3.8.1.jar;"/>
    <property name="sun.cpu.endian" value="little"/>
    <property name="user.home" value="C:\Users\Steven Benalcázar"/>
    <property name="user.language" value="es"/>
    <property name="java.specification.vendor" value="Oracle Corporation"/>
    <property name="java.version.date" value="2024-04-16"/>
    <property name="java.home" value="C:\Program Files\Java\jdk-22"/>
    <property name="file.separator" value="\"/>
    <property name="basedir" value="C:\Users\Steven Benalcázar\Desktop\Uce Aron\8vo 2 que sad\distribuida\Deber 3\rest_api_project\rest_api_project"/>
    <property name="java.vm.compressedOopsMode" value="Zero based"/>
    <property name="line.separator" value="&#10;"/>
    <property name="java.vm.specification.vendor" value="Oracle Corporation"/>
    <property name="java.specification.name" value="Java Platform API Specification"/>
    <property name="surefire.real.class.path" value="C:\Users\Steven Benalcázar\AppData\Local\Temp\surefire10710210207730418896\surefirebooter-20241212103634661_3.jar"/>
    <property name="user.script" value=""/>
    <property name="sun.management.compiler" value="HotSpot 64-Bit Tiered Compilers"/>
    <property name="java.runtime.version" value="22.0.1+8-16"/>
    <property name="user.name" value="StevenBM"/>
    <property name="stdout.encoding" value="UTF-8"/>
    <property name="path.separator" value=";"/>
    <property name="os.version" value="10.0"/>
    <property name="java.runtime.name" value="Java(TM) SE Runtime Environment"/>
    <property name="file.encoding" value="UTF-8"/>
    <property name="java.vm.name" value="Java HotSpot(TM) 64-Bit Server VM"/>
    <property name="localRepository" value="C:\Users\Steven Benalcázar\.m2\repository"/>
    <property name="java.vendor.url.bug" value="https://bugreport.java.com/bugreport/"/>
    <property name="java.io.tmpdir" value="C:\Users\STEVEN~1\AppData\Local\Temp\"/>
    <property name="java.version" value="22.0.1"/>
    <property name="user.dir" value="C:\Users\Steven Benalcázar\Desktop\Uce Aron\8vo 2 que sad\distribuida\Deber 3\rest_api_project\rest_api_project"/>
    <property name="os.arch" value="amd64"/>
    <property name="java.vm.specification.name" value="Java Virtual Machine Specification"/>
    <property name="sun.os.patch.level" value=""/>
    <property name="native.encoding" value="UTF-8"/>
    <property name="java.library.path" value="C:\Program Files\Java\jdk-22\bin;C:\WINDOWS\Sun\Java\bin;C:\WINDOWS\system32;C:\WINDOWS;C:\Users\Steven Benalcázar\bin;C:\Program Files\Git\mingw64\bin;C:\Program Files\Git\usr\local\bin;C:\Program Files\Git\usr\bin;C:\Program Files\Git\usr\bin;C:\Program Files\Git\mingw64\bin;C:\Program Files\Git\usr\bin;C:\Users\Steven Benalcázar\bin;C:\Program Files\Java\jdk-22\bin;C:\Program Files\Common Files\Oracle\Java\javapath;C:\app\StevenBM\product\21c\dbhomeXE\bin;C:\Oracle\XE21c\dbhomeXE\bin;C:\Windows\system32;C:\Windows;C:\Windows\System32\Wbem;C:\Windows\System32\WindowsPowerShell\v1.0;C:\Windows\System32\OpenSSH;C:\Program Files\dotnet;C:\Program Files (x86)\NVIDIA Corporation\PhysX\Common;C:\WINDOWS\system32;C:\WINDOWS;C:\WINDOWS\System32\Wbem;C:\WINDOWS\System32\WindowsPowerShell\v1.0;C:\WINDOWS\System32\OpenSSH;C:\Program Files\Microsoft SQL Server\Client SDK\ODBC\170\Tools\Binn;C:\Program Files\Git\cmd;C:\ProgramData\chocolatey\bin;D:\programs data 2\xampp\php;C:\Program Files\NVIDIA Corporation\NVIDIA app\NvDLISR;C:\workspace\apache-maven-3.9.8-bin (1)\apache-maven-3.9.8\bin;C:\Program Files (x86)\Common Files\Cyco Shared\AutoVue;C:\Program Files\Java\jdk-17\bin;C:\workspace\apache-maven-3.9.8-bin (1)\apache-maven-3.9.8\bin;C:\Program Files\CMake\bin;C:\Program Files\Microsoft SQL Server\150\Tools\Binn;C:\Program Files\Docker\Docker\resources\bin;C:\Program Files\nodejs;C:\Users\Steven Benalcázar\AppData\Local\Programs\Python\Launcher;C:\Users\Steven Benalcázar\AppData\Local\Microsoft\WindowsApps;C:\Users\Steven Benalcázar\AppData\Local\GitHubDesktop\bin;C:\Users\Steven Benalcázar\AppData\Local\Microsoft\WindowsApps;C:\Program Files\Azure Data Studio\bin;C:\Program Files\MongoDB\Server\7.0\bin;C:\Program Files\MongoDB\mongosh-2.2.5-win32-x64\bin;C:\Users\Steven Benalcázar\AppData\Local\Programs\Microsoft VS Code\bin;C:\Users\Steven Benalcázar\.dotnet\tools;C:\Program Files\heroku\bin;C:\Users\Steven Benalcázar\AppData\Roaming\Composer\vendor\bin;C:\Program Files\JetBrains\IntelliJ IDEA Community Edition 2024.1.4\bin;C:\Users\Steven Benalcázar\AppData\Roaming\npm;C:\Program Files\Git\usr\bin\vendor_perl;C:\Program Files\Git\usr\bin\core_perl;."/>
    <property name="java.vm.info" value="mixed mode, sharing"/>
    <property name="stderr.encoding" value="UTF-8"/>
    <property name="java.vendor" value="Oracle Corporation"/>
    <property name="java.vm.version" value="22.0.1+8-16"/>
    <property name="sun.io.unicode.encoding" value="UnicodeLittle"/>
    <property name="java.class.version" value="66.0"/>
  </properties>
  <testcase name="testApp" classname="com.example.AppTest" time="0.003"/>
</testsuite>